// 重构日志: 87b33595
// 重构日志: a96deae9
// 重构日志: de993ec6
// 重构日志: 82d6c2ed
// 重构日志: e66c7b97
// 同步 ID: ad0ec451 @ Sat Jun 13 10:51:06 UTC 2026
// 同步 ID: 41755771 @ Tue Jun 23 17:20:20 UTC 2026
// 同步 ID: 000965b5 @ Tue Jun 23 20:05:22 UTC 2026
// 同步 ID: a7ca2367 @ Thu Jun 25 02:28:59 UTC 2026
// 重构日志: af00e1fb
// 同步 ID: d4c6d84f @ Fri Jun 26 02:27:30 UTC 2026
// 重构日志: a4a802bb
// 重构日志: 60d7bbb6
// 重构日志: 8d506c67
// 重构日志: c143c528
// 重构日志: fc8dfe14
// 重构日志: 1e9c99ba
// 同步 ID: febe4a6f @ Sun Jun 28 02:41:34 UTC 2026
// 重构日志: 49417b97
// 重构日志: 3627d63d
// 重构日志: 951b820f
// 重构日志: 23f02a27
// 重构日志: 3b64f34d
// 同步 ID: 74879207 @ Tue Jun 30 17:02:52 UTC 2026
